<?xml version="1.0" encoding="UTF-8"?>
<!-- Generated by org.testng.reporters.JUnitReportReporter -->
<testsuite hostname="MSI" failures="0" tests="3" name="com.seleniumtraining.day3.TestNgSampleCls" time="46.802" errors="0" timestamp="2024-07-18T20:18:51 IST" skipped="0">
  <testcase classname="com.seleniumtraining.day3.TestNgSampleCls" name="LoginTest02" time="14.395"/>
  <system-out/>
  <testcase classname="com.seleniumtraining.day3.TestNgSampleCls" name="LoginTest01" time="17.249"/>
  <system-out/>
  <testcase classname="com.seleniumtraining.day3.TestNgSampleCls" name="LoginTest03" time="15.158"/>
  <system-out/>
</testsuite> <!-- com.seleniumtraining.day3.TestNgSampleCls -->
